<?xml version="1.0" encoding="UTF-8"?>
<!-- Generated by org.testng.reporters.JUnitXMLReporter -->
<testsuite ignored="0" hostname="LAPTOP-F41SU3D1" failures="0" tests="4" name="Test-1" time="83.305" errors="0" timestamp="2025-04-10T10:47:29 IST">
  <testcase classname="salesandinv.CustomerTest" name="CustomerpageTest" time="17.848"/>
  <testcase classname="salesandinv.Admincheckout" name="AdmincheckoutTest" time="10.177"/>
  <testcase classname="salesandinv.suppiler" name="suppilerTest" time="21.829"/>
  <testcase classname="salesandinv.AddToCart" name="AddToCartTest" time="5.119"/>
</testsuite> <!-- Test-1 -->
