<?xml version="1.0" encoding="UTF-8"?>
<!-- Generated by org.testng.reporters.JUnitXMLReporter -->
<testsuite ignored="0" hostname="LAPTOP-F41SU3D1" failures="0" tests="8" name="Test-1" time="91.831" errors="0" timestamp="10 Apr 2025 03:51:50 GMT">
  <testcase classname="salesandinv.Checkout" name="CheckoutTest" time="5.778"/>
  <testcase classname="salesandinv.Login" name="LoginTest" time="0.526"/>
  <testcase classname="salesandinv.Deleteproduct" name="DeleteproductTest" time="5.453"/>
  <testcase classname="salesandinv.Logout" name="LogoutTest" time="5.976"/>
  <testcase classname="salesandinv.CustomerTest" name="CustomerpageTest" time="9.306"/>
  <testcase classname="salesandinv.Admincheckout" name="AdmincheckoutTest" time="4.653"/>
  <testcase classname="salesandinv.suppiler" name="suppilerTest" time="23.435"/>
  <testcase classname="salesandinv.AddToCart" name="AddToCartTest" time="0.973"/>
</testsuite> <!-- Test-1 -->
