<?xml version="1.0" encoding="UTF-8"?>
<!-- Generated by org.testng.reporters.JUnitXMLReporter -->
<testsuite ignored="0" hostname="LAPTOP-F41SU3D1" failures="0" tests="8" name="Test-2" time="73.867" errors="0" timestamp="10 Apr 2025 03:51:32 GMT">
  <testcase classname="salesandinv.CustomerTest" name="CustomerpageTest" time="11.616"/>
  <testcase classname="salesandinv.Admincheckout" name="AdmincheckoutTest" time="4.175"/>
  <testcase classname="salesandinv.suppiler" name="suppilerTest" time="0.535"/>
  <testcase classname="salesandinv.AddToCart" name="AddToCartTest" time="1.043"/>
  <testcase classname="salesandinv.Checkout" name="CheckoutTest" time="1.975"/>
  <testcase classname="salesandinv.Login" name="LoginTest" time="0.4"/>
  <testcase classname="salesandinv.Deleteproduct" name="DeleteproductTest" time="1.969"/>
  <testcase classname="salesandinv.Logout" name="LogoutTest" time="5.594"/>
</testsuite> <!-- Test-2 -->
