<?xml version="1.0" encoding="UTF-8"?>
<!-- Generated by org.testng.reporters.JUnitXMLReporter -->
<testsuite ignored="0" hostname="LAPTOP-F41SU3D1" failures="0" tests="0" name="Test-2" time="7.794" errors="0" timestamp="2025-04-10T10:46:14 IST">
</testsuite> <!-- Test-2 -->
