<?xml version="1.0" encoding="UTF-8"?>
<!-- Generated by org.testng.reporters.JUnitXMLReporter -->
<testsuite ignored="0" hostname="LAPTOP-F41SU3D1" failures="0" tests="8" name="Test-2" time="53.944" errors="0" timestamp="2025-04-10T13:25:29 IST">
  <testcase classname="salesandinv.AddToCart_Test" name="addToCart_Test" time="0.452"/>
  <testcase classname="salesandinv.Admincheckout_Test" name="adminCheckout_Test" time="0.318"/>
  <testcase classname="salesandinv.Login_Test" name="login_Test" time="0.343"/>
  <testcase classname="salesandinv.CustomerTest" name="Customerpage_Test" time="0.843"/>
  <testcase classname="salesandinv.Deleteproduct_Test" name="deleteProduct_Test" time="22.967"/>
  <testcase classname="salesandinv.Logout_Test" name="logout_Test" time="5.354"/>
  <testcase classname="salesandinv.Suppiler_Test" name="suppiler_Test" time="0.232"/>
  <testcase classname="salesandinv.Checkout_Test" name="checkout_Test" time="2.12"/>
</testsuite> <!-- Test-2 -->
