<?xml version="1.0" encoding="UTF-8"?>
<!-- Generated by org.testng.reporters.JUnitReportReporter -->
<testsuite hostname="LAPTOP-F41SU3D1" failures="0" tests="1" name="salesandinv.suppiler" time="1.938" errors="0" timestamp="2025-04-10T12:05:27 IST" skipped="0">
  <testcase classname="salesandinv.suppiler" name="suppilerTest" time="1.938"/>
  <system-out/>
</testsuite> <!-- salesandinv.suppiler -->
