<?xml version="1.0" encoding="UTF-8"?>
<!-- Generated by org.testng.reporters.JUnitReportReporter -->
<testsuite hostname="LAPTOP-F41SU3D1" failures="0" tests="1" name="salesandinv.CustomerTest" time="2.072" errors="0" timestamp="10 Apr 2025 04:05:42 GMT" skipped="0">
  <testcase classname="salesandinv.CustomerTest" name="CustomerpageTest" time="2.072"/>
</testsuite> <!-- salesandinv.CustomerTest -->
