<?xml version="1.0" encoding="UTF-8"?>
<!-- Generated by org.testng.reporters.JUnitReportReporter -->
<testsuite hostname="LAPTOP-F41SU3D1" failures="0" tests="1" name="salesandinv.Admincheckout_Test" time="2.170" errors="0" timestamp="2025-04-10T13:27:11 IST" skipped="0">
  <testcase classname="salesandinv.Admincheckout_Test" name="adminCheckout_Test" time="2.170"/>
  <system-out/>
</testsuite> <!-- salesandinv.Admincheckout_Test -->
