<?xml version="1.0" encoding="UTF-8"?>
<!-- Generated by org.testng.reporters.JUnitReportReporter -->
<testsuite hostname="LAPTOP-F41SU3D1" failures="0" tests="1" name="Logout" time="16.773" errors="0" timestamp="08 Apr 2025 10:37:41 GMT" skipped="0">
  <testcase classname="Logout" name="LogoutTest" time="16.773"/>
</testsuite> <!-- Logout -->
