<?xml version="1.0" encoding="UTF-8"?>
<!-- Generated by org.testng.reporters.JUnitReportReporter -->
<testsuite hostname="LAPTOP-F41SU3D1" failures="0" tests="1" name="Login" time="0.966" errors="0" timestamp="08 Apr 2025 10:39:54 GMT" skipped="0">
  <testcase classname="Login" name="LoginTest" time="0.966"/>
</testsuite> <!-- Login -->
