<?xml version="1.0" encoding="UTF-8"?>
<!-- Generated by org.testng.reporters.JUnitReportReporter -->
<testsuite hostname="LAPTOP-F41SU3D1" failures="0" tests="1" name="salesandinv.Admincheckout" time="1.238" errors="0" timestamp="10 Apr 2025 04:05:42 GMT" skipped="0">
  <testcase classname="salesandinv.Admincheckout" name="AdmincheckoutTest" time="1.238"/>
</testsuite> <!-- salesandinv.Admincheckout -->
