<?xml version="1.0" encoding="UTF-8"?>
<!-- Generated by org.testng.reporters.JUnitReportReporter -->
<testsuite hostname="LAPTOP-F41SU3D1" failures="0" tests="1" name="CustomerTest" time="9.437" errors="0" timestamp="08 Apr 2025 15:42:57 GMT" skipped="0">
  <testcase classname="CustomerTest" name="CustomerpageTest" time="9.437"/>
</testsuite> <!-- CustomerTest -->
