<?xml version="1.0" encoding="UTF-8"?>
<!-- Generated by org.testng.reporters.JUnitReportReporter -->
<testsuite hostname="LAPTOP-F41SU3D1" failures="0" tests="1" name="Checkout" time="2.426" errors="0" timestamp="08 Apr 2025 09:45:26 GMT" skipped="0">
  <testcase classname="Checkout" name="CheckoutTest" time="2.426"/>
</testsuite> <!-- Checkout -->
