<?xml version="1.0" encoding="UTF-8"?>
<!-- Generated by org.testng.reporters.JUnitReportReporter -->
<testsuite hostname="LAPTOP-F41SU3D1" failures="0" tests="1" name="salesandinv.Checkout_Test" time="3.186" errors="0" timestamp="2025-04-10T13:27:11 IST" skipped="0">
  <testcase classname="salesandinv.Checkout_Test" name="checkout_Test" time="3.186"/>
  <system-out/>
</testsuite> <!-- salesandinv.Checkout_Test -->
