<?xml version="1.0" encoding="UTF-8"?>
<!-- Generated by org.testng.reporters.JUnitReportReporter -->
<testsuite hostname="LAPTOP-F41SU3D1" failures="0" tests="1" name="salesandinv.Deleteproduct" time="1.274" errors="0" timestamp="10 Apr 2025 04:05:42 GMT" skipped="0">
  <testcase classname="salesandinv.Deleteproduct" name="DeleteproductTest" time="1.274"/>
</testsuite> <!-- salesandinv.Deleteproduct -->
