<?xml version="1.0" encoding="UTF-8"?>
<!-- Generated by org.testng.reporters.JUnitReportReporter -->
<testsuite hostname="LAPTOP-F41SU3D1" failures="0" tests="1" name="AddToCart" time="2.483" errors="0" timestamp="08 Apr 2025 03:57:09 GMT" skipped="0">
  <testcase classname="AddToCart" name="AddToCart" time="2.483"/>
</testsuite> <!-- AddToCart -->
