<?xml version="1.0" encoding="UTF-8"?>
<!-- Generated by org.testng.reporters.JUnitReportReporter -->
<testsuite hostname="LAPTOP-F41SU3D1" failures="0" tests="1" name="salesandinv.CustomerTest" time="19.441" errors="0" timestamp="2025-04-10T10:47:29 IST" skipped="0">
  <testcase classname="salesandinv.CustomerTest" name="CustomerpageTest" time="19.441"/>
  <system-out/>
</testsuite> <!-- salesandinv.CustomerTest -->
