<?xml version="1.0" encoding="UTF-8"?>
<!-- Generated by org.testng.reporters.JUnitReportReporter -->
<testsuite hostname="LAPTOP-F41SU3D1" failures="0" tests="1" name="salesandinv.Logout" time="5.948" errors="0" timestamp="2025-04-10T11:36:53 IST" skipped="0">
  <testcase classname="salesandinv.Logout" name="LogoutTest" time="5.948"/>
  <system-out/>
</testsuite> <!-- salesandinv.Logout -->
